<?xml version="1.0" encoding="UTF-8"?>
<!-- Generated by org.testng.reporters.JUnitReportReporter -->
<testsuite hostname="Florentina" failures="0" tests="1" name="testNG.LeftTestNG" time="1.884" errors="0" timestamp="2022-01-12T13:20:07 EET" skipped="0">
  <testcase classname="testNG.LeftTestNG" name="Test" time="1.884"/>
  <system-out/>
</testsuite> <!-- testNG.LeftTestNG -->
