<?xml version="1.0" encoding="UTF-8"?>
<!-- Generated by org.testng.reporters.JUnitReportReporter -->
<testsuite hostname="Florentina" failures="0" tests="1" name="test.LeftTestNG" time="1.420" errors="0" timestamp="2022-01-12T13:09:52 EET" skipped="0">
  <testcase classname="test.LeftTestNG" name="Test" time="1.420"/>
  <system-out/>
</testsuite> <!-- test.LeftTestNG -->
