<?xml version="1.0" encoding="UTF-8"?>
<!-- Generated by org.testng.reporters.JUnitReportReporter -->
<testsuite hostname="Florentina" failures="0" tests="1" name="testNG.RightTestNG" time="5.326" errors="0" timestamp="2022-01-12T13:20:07 EET" skipped="0">
  <testcase classname="testNG.RightTestNG" name="Test" time="5.326"/>
  <system-out/>
</testsuite> <!-- testNG.RightTestNG -->
