<?xml version="1.0" encoding="UTF-8"?>
<!-- Generated by org.testng.reporters.JUnitReportReporter -->
<testsuite hostname="Florentina" failures="0" tests="1" name="test.TestNG" time="8.715" errors="0" timestamp="2022-01-12T11:37:03 EET" skipped="0">
  <testcase classname="test.TestNG" name="Test" time="8.715"/>
  <system-out/>
</testsuite> <!-- test.TestNG -->
